<?xml version="1.0" encoding="UTF-8"?>
<!-- Generated by org.testng.reporters.JUnitXMLReporter -->
<testsuite hostname="HUYF9-PF1L46YU" ignored="0" name="Test" tests="17" failures="0" timestamp="16 一月 2020 02:44:17 GMT" time="33.09" errors="0">
  <testcase name="test1" time="0.002" classname="factory.Factory1"/>
  <testcase name="test2" time="0.002" classname="factory.Factory1"/>
  <testcase name="test1" time="0.002" classname="factory.FactoryTest"/>
  <testcase name="test1" time="0.002" classname="factory.FactoryTest"/>
  <testcase name="test2" time="0.001" classname="factory.FactoryTest"/>
  <testcase name="test2" time="0.002" classname="factory.FactoryTest"/>
  <testcase name="sout1" time="3.003" classname="factory.FactoryTest1"/>
  <testcase name="sout1" time="10.003" classname="factory.FactoryTest2"/>
  <testcase name="sout1" time="10.002" classname="factory.FactoryTest2"/>
  <testcase name="sout1" time="10.002" classname="factory.FactoryTest2"/>
  <testcase name="sout1" time="0.002" classname="factory.FactoryTest3"/>
  <testcase name="sout1" time="0.001" classname="factory.FactoryTest3"/>
  <testcase name="sout1" time="0.001" classname="factory.FactoryTest3"/>
  <testcase name="test1" time="0.003" classname="factory.TestDate"/>
  <testcase name="test1" time="0.001" classname="factory.TestDate"/>
  <testcase name="test2" time="0.001" classname="factory.TestDate"/>
  <testcase name="test2" time="0.001" classname="factory.TestDate"/>
</testsuite> <!-- Test -->
