<?xml version="1.0" encoding="UTF-8"?>
<!-- Generated by org.testng.reporters.JUnitXMLReporter -->
<testsuite hostname="HUYF9-PF1L46YU" ignored="0" name="Test" tests="2" failures="2" timestamp="12 十二月 2019 08:50:51 GMT" time="0.811" errors="0">
  <testcase name="test1" time="0.373" classname="timeout.TestTimeOut">
    <failure type="org.testng.internal.thread.ThreadTimeoutException" message="Method timeout.TestTimeOut.test1() didn&amp;apos;t finish within the time-out 240">
      <![CDATA[org.testng.internal.thread.ThreadTimeoutException: Method timeout.TestTimeOut.test1() didn't finish within the time-out 240
at java.lang.Throwable.printStackTrace(Throwable.java:643)
at java.lang.Throwable.printStackTrace(Throwable.java:634)
at timeout.TestTimeOut.test1(TestTimeOut.java:13)
at java.util.concurrent.Executors$RunnableAdapter.call(Executors.java:511)
at java.util.concurrent.FutureTask.run(FutureTask.java:266)
at java.util.concurrent.ThreadPoolExecutor.runWorker(ThreadPoolExecutor.java:1149)
at java.util.concurrent.ThreadPoolExecutor$Worker.run(ThreadPoolExecutor.java:624)
at java.lang.Thread.run(Thread.java:748)
... Removed 7 stack frames]]>
    </failure>
  </testcase> <!-- test1 -->
  <testcase name="test2" time="0.244" classname="timeout.TestTimeOut">
    <failure type="org.testng.internal.thread.ThreadTimeoutException" message="Method timeout.TestTimeOut.test2() didn&amp;apos;t finish within the time-out 240">
      <![CDATA[org.testng.internal.thread.ThreadTimeoutException: Method timeout.TestTimeOut.test2() didn't finish within the time-out 240
at timeout.TestTimeOut.test2(TestTimeOut.java:22)
at java.util.concurrent.Executors$RunnableAdapter.call(Executors.java:511)
at java.util.concurrent.FutureTask.run(FutureTask.java:266)
at java.util.concurrent.ThreadPoolExecutor.runWorker(ThreadPoolExecutor.java:1149)
at java.util.concurrent.ThreadPoolExecutor$Worker.run(ThreadPoolExecutor.java:624)
at java.lang.Thread.run(Thread.java:748)
... Removed 7 stack frames]]>
    </failure>
  </testcase> <!-- test2 -->
</testsuite> <!-- Test -->
