<?xml version="1.0" encoding="UTF-8"?>
<!-- Generated by org.testng.reporters.JUnitXMLReporter -->
<testsuite ignored="0" hostname="HUYF9-PF1L46YU" failures="0" tests="5" name="Test" time="23.008" errors="0" timestamp="08 7月 2019 08:20:19 GMT">
  <testcase classname="factory.FactoryTest1" name="sout1" time="3.0"/>
  <testcase classname="factory.FactoryTest2" name="sout1" time="10.002"/>
  <testcase classname="factory.FactoryTest2" name="sout1" time="10.001"/>
  <testcase classname="factory.FactoryTest3" name="sout1" time="0.0"/>
  <testcase classname="factory.FactoryTest3" name="sout1" time="0.0"/>
</testsuite> <!-- Test -->
