<?xml version="1.0" encoding="UTF-8"?>
<testsuite xmlns:xsi="http://www.w3.org/2001/XMLSchema-instance" xsi:noNamespaceSchemaLocation="https://maven.apache.org/surefire/maven-surefire-plugin/xsd/surefire-test-report.xsd" name="TestSuite" time="35.747" tests="22" errors="0" skipped="0" failures="2">
  <properties>
[...]
</properties>
  <testcase name="test1" classname="timeout.TestTimeOut" time="0.363">
    <failure message="Method timeout.TestTimeOut.test1() didn&apos;t finish within the time-out 240" type="org.testng.internal.thread.ThreadTimeoutException">org.testng.internal.thread.ThreadTimeoutException: Method timeout.TestTimeOut.test1() didn't finish within the time-out 240
	at timeout.TestTimeOut.test1(TestTimeOut.java:13)
</failure>
    <system-out><![CDATA[[TestNG] [WARN] Ignoring duplicate listener : io.qameta.allure.testng.AllureTestNg
[TestNG] [WARN] Ignoring duplicate listener : io.qameta.allure.testng.AllureTestNg
[TestNG] [WARN] Ignoring duplicate listener : io.qameta.allure.testng.AllureTestNg
[TestNG] [WARN] Ignoring duplicate listener : io.qameta.allure.testng.AllureTestNg
[TestNG] [WARN] Ignoring duplicate listener : io.qameta.allure.testng.AllureTestNg
[TestNG] [WARN] Ignoring duplicate listener : io.qameta.allure.testng.AllureTestNg
[TestNG] [WARN] Ignoring duplicate listener : listener.MyReporterListener
[TestNG] [WARN] Ignoring duplicate listener : io.qameta.allure.testng.AllureTestNg
[TestNG] [WARN] Ignoring duplicate listener : io.qameta.allure.testng.AllureTestNg
[TestNG] [WARN] Ignoring duplicate listener : io.qameta.allure.testng.AllureTestNg
[TestNG] [WARN] Ignoring duplicate listener : listener.MyReporterListener
[TestNG] [WARN] Ignoring duplicate listener : io.qameta.allure.testng.AllureTestNg
[TestNG] [WARN] Ignoring duplicate listener : io.qameta.allure.testng.AllureTestNg
[TestNG] [WARN] Ignoring duplicate listener : io.qameta.allure.testng.AllureTestNg
[TestNG] [WARN] Ignoring duplicate listener : listener.MyReporterListener
efefe
fefe
efefe
fefe
timeout test!!!
]]></system-out>
    <system-err><![CDATA[SLF4J: Failed to load class "org.slf4j.impl.StaticLoggerBinder".
SLF4J: Defaulting to no-operation (NOP) logger implementation
SLF4J: See http://www.slf4j.org/codes.html#StaticLoggerBinder for further details.
java.lang.InterruptedException: sleep interrupted
	at java.lang.Thread.sleep(Native Method)
	at timeout.TestTimeOut.test1(TestTimeOut.java:11)
	at sun.reflect.NativeMethodAccessorImpl.invoke0(Native Method)
	at sun.reflect.NativeMethodAccessorImpl.invoke(NativeMethodAccessorImpl.java:62)
	at sun.reflect.DelegatingMethodAccessorImpl.invoke(DelegatingMethodAccessorImpl.java:43)
	at java.lang.reflect.Method.invoke(Method.java:498)
	at org.testng.internal.MethodInvocationHelper.invokeMethod(MethodInvocationHelper.java:124)
	at org.testng.internal.InvokeMethodRunnable.runOne(InvokeMethodRunnable.java:54)
	at org.testng.internal.InvokeMethodRunnable.run(InvokeMethodRunnable.java:44)
	at java.util.concurrent.Executors$RunnableAdapter.call(Executors.java:511)
	at java.util.concurrent.FutureTask.run(FutureTask.java:266)
	at java.util.concurrent.ThreadPoolExecutor.runWorker(ThreadPoolExecutor.java:1149)
	at java.util.concurrent.ThreadPoolExecutor$Worker.run(ThreadPoolExecutor.java:624)
	at java.lang.Thread.run(Thread.java:748)
]]></system-err>
  </testcase>
  <testcase name="test2" classname="timeout.TestTimeOut" time="0.243">
    <failure message="Method timeout.TestTimeOut.test2() didn&apos;t finish within the time-out 240" type="org.testng.internal.thread.ThreadTimeoutException">org.testng.internal.thread.ThreadTimeoutException: Method timeout.TestTimeOut.test2() didn't finish within the time-out 240
	at timeout.TestTimeOut.test2(TestTimeOut.java:21)
</failure>
    <system-err><![CDATA[java.lang.InterruptedException: sleep interrupted
	at java.lang.Thread.sleep(Native Method)
	at timeout.TestTimeOut.test2(TestTimeOut.java:21)
	at sun.reflect.NativeMethodAccessorImpl.invoke0(Native Method)
	at sun.reflect.NativeMethodAccessorImpl.invoke(NativeMethodAccessorImpl.java:62)
]]></system-err>
  </testcase>
  <testcase name="test3" classname="parallel.Parallel1" time="0.003"/>
  <testcase name="test2" classname="parallel.Parallel1" time="0.003"/>
  <testcase name="tes1" classname="parallel.Parallel1" time="0.003"/>
  <testcase name="test1" classname="factory.Factory1" time="0.002"/>
  <testcase name="test2" classname="factory.Factory1" time="0.002"/>
  <testcase name="test1" classname="factory.FactoryTest" time="0.001"/>
  <testcase name="test1" classname="factory.FactoryTest" time="0.002"/>
  <testcase name="test2" classname="factory.FactoryTest" time="0.001"/>
  <testcase name="test2" classname="factory.FactoryTest" time="0.002"/>
  <testcase name="sout1" classname="factory.FactoryTest1" time="3.003"/>
  <testcase name="sout1" classname="factory.FactoryTest2" time="10.003"/>
  <testcase name="sout1" classname="factory.FactoryTest2" time="10.003"/>
  <testcase name="sout1" classname="factory.FactoryTest2" time="10.003"/>
  <testcase name="sout1" classname="factory.FactoryTest3" time="0.003"/>
  <testcase name="sout1" classname="factory.FactoryTest3" time="0.002"/>
  <testcase name="sout1" classname="factory.FactoryTest3" time="0.001"/>
  <testcase name="test1" classname="factory.TestDate" time="0.003"/>
  <testcase name="test1" classname="factory.TestDate" time="0.001"/>
  <testcase name="test2" classname="factory.TestDate" time="0.001"/>
  <testcase name="test2" classname="factory.TestDate" time="0.001"/>
</testsuite>