<?xml version="1.0" encoding="UTF-8"?>
<testng-results skipped="0" failed="2" ignored="0" total="22" passed="20">
  <reporter-output>
  </reporter-output>
  <suite name="factory" duration-ms="33090" started-at="2020-01-16T02:43:44Z" finished-at="2020-01-16T02:44:17Z">
    <groups>
      <group name="smoke">
        <method signature="Factory1.test1()[pri:0, instance:factory.Factory1@2dbe250d]" name="test1" class="factory.Factory1"/>
        <method signature="Factory1.test2()[pri:0, instance:factory.Factory1@2dbe250d]" name="test2" class="factory.Factory1"/>
      </group> <!-- smoke -->
    </groups>
    <test name="Test" duration-ms="33090" started-at="2020-01-16T02:43:44Z" finished-at="2020-01-16T02:44:17Z">
      <class name="factory.Factory1">
        <test-method status="PASS" signature="test1()[pri:0, instance:factory.Factory1@2dbe250d]" name="test1" duration-ms="2" started-at="2020-01-16T02:43:44Z" finished-at="2020-01-16T02:43:44Z">
          <reporter-output>
          </reporter-output>
        </test-method> <!-- test1 -->
        <test-method status="PASS" signature="test2()[pri:0, instance:factory.Factory1@2dbe250d]" name="test2" duration-ms="2" started-at="2020-01-16T02:43:44Z" finished-at="2020-01-16T02:43:44Z">
          <reporter-output>
          </reporter-output>
        </test-method> <!-- test2 -->
      </class> <!-- factory.Factory1 -->
      <class name="factory.FactoryTest1">
        <test-method status="PASS" signature="sout1()[pri:0, instance:factory.FactoryTest1@4de41af9]" name="sout1" duration-ms="3003" started-at="2020-01-16T02:43:44Z" finished-at="2020-01-16T02:43:47Z">
          <reporter-output>
          </reporter-output>
        </test-method> <!-- sout1 -->
      </class> <!-- factory.FactoryTest1 -->
      <class name="factory.FactoryTest2">
        <test-method status="PASS" signature="sout1()[pri:0, instance:factory.FactoryTest2@2453f95d]" name="sout1" duration-ms="10003" started-at="2020-01-16T02:43:47Z" finished-at="2020-01-16T02:43:57Z">
          <reporter-output>
          </reporter-output>
        </test-method> <!-- sout1 -->
        <test-method status="PASS" signature="sout1()[pri:0, instance:factory.FactoryTest2@47404bea]" name="sout1" duration-ms="10002" started-at="2020-01-16T02:43:57Z" finished-at="2020-01-16T02:44:07Z">
          <reporter-output>
          </reporter-output>
        </test-method> <!-- sout1 -->
        <test-method status="PASS" signature="sout1()[pri:0, instance:factory.FactoryTest2@56ace400]" name="sout1" duration-ms="10002" started-at="2020-01-16T02:44:07Z" finished-at="2020-01-16T02:44:17Z">
          <reporter-output>
          </reporter-output>
        </test-method> <!-- sout1 -->
      </class> <!-- factory.FactoryTest2 -->
      <class name="factory.FactoryTest3">
        <test-method status="PASS" signature="sout1()[pri:0, instance:factory.FactoryTest3@305f7627]" name="sout1" duration-ms="2" started-at="2020-01-16T02:44:17Z" finished-at="2020-01-16T02:44:17Z">
          <reporter-output>
          </reporter-output>
        </test-method> <!-- sout1 -->
        <test-method status="PASS" signature="sout1()[pri:0, instance:factory.FactoryTest3@44828f6b]" name="sout1" duration-ms="1" started-at="2020-01-16T02:44:17Z" finished-at="2020-01-16T02:44:17Z">
          <reporter-output>
          </reporter-output>
        </test-method> <!-- sout1 -->
        <test-method status="PASS" signature="sout1()[pri:0, instance:factory.FactoryTest3@5d018107]" name="sout1" duration-ms="1" started-at="2020-01-16T02:44:17Z" finished-at="2020-01-16T02:44:17Z">
          <reporter-output>
          </reporter-output>
        </test-method> <!-- sout1 -->
      </class> <!-- factory.FactoryTest3 -->
      <class name="factory.FactoryTest">
        <test-method status="PASS" signature="test1()[pri:0, instance:factory.FactoryTest@3e34ace1]" name="test1" duration-ms="2" started-at="2020-01-16T02:43:44Z" finished-at="2020-01-16T02:43:44Z">
          <reporter-output>
          </reporter-output>
        </test-method> <!-- test1 -->
        <test-method status="PASS" signature="test1()[pri:0, instance:factory.FactoryTest@6e1d8f9e]" name="test1" duration-ms="2" started-at="2020-01-16T02:43:44Z" finished-at="2020-01-16T02:43:44Z">
          <reporter-output>
          </reporter-output>
        </test-method> <!-- test1 -->
        <test-method status="PASS" signature="test2()[pri:0, instance:factory.FactoryTest@3e34ace1]" name="test2" duration-ms="1" started-at="2020-01-16T02:43:44Z" finished-at="2020-01-16T02:43:44Z">
          <reporter-output>
          </reporter-output>
        </test-method> <!-- test2 -->
        <test-method status="PASS" signature="test2()[pri:0, instance:factory.FactoryTest@6e1d8f9e]" name="test2" duration-ms="2" started-at="2020-01-16T02:43:44Z" finished-at="2020-01-16T02:43:44Z">
          <reporter-output>
          </reporter-output>
        </test-method> <!-- test2 -->
      </class> <!-- factory.FactoryTest -->
      <class name="factory.TestDate">
        <test-method status="PASS" signature="test1()[pri:0, instance:factory.TestDate@4f071df8]" name="test1" duration-ms="3" started-at="2020-01-16T02:44:17Z" finished-at="2020-01-16T02:44:17Z">
          <reporter-output>
          </reporter-output>
        </test-method> <!-- test1 -->
        <test-method status="PASS" signature="test1()[pri:0, instance:factory.TestDate@62fe6067]" name="test1" duration-ms="1" started-at="2020-01-16T02:44:17Z" finished-at="2020-01-16T02:44:17Z">
          <reporter-output>
          </reporter-output>
        </test-method> <!-- test1 -->
        <test-method status="PASS" signature="test2()[pri:0, instance:factory.TestDate@4f071df8]" name="test2" duration-ms="1" started-at="2020-01-16T02:44:17Z" finished-at="2020-01-16T02:44:17Z">
          <reporter-output>
          </reporter-output>
        </test-method> <!-- test2 -->
        <test-method status="PASS" signature="test2()[pri:0, instance:factory.TestDate@62fe6067]" name="test2" duration-ms="1" started-at="2020-01-16T02:44:17Z" finished-at="2020-01-16T02:44:17Z">
          <reporter-output>
          </reporter-output>
        </test-method> <!-- test2 -->
      </class> <!-- factory.TestDate -->
    </test> <!-- Test -->
  </suite> <!-- factory -->
  <suite name="parallel" duration-ms="10" started-at="2020-01-16T02:43:44Z" finished-at="2020-01-16T02:43:44Z">
    <groups>
    </groups>
    <test name="Test" duration-ms="10" started-at="2020-01-16T02:43:44Z" finished-at="2020-01-16T02:43:44Z">
      <class name="parallel.Parallel1">
        <test-method status="PASS" signature="test3()[pri:0, instance:parallel.Parallel1@40c80397]" name="test3" duration-ms="3" started-at="2020-01-16T02:43:44Z" finished-at="2020-01-16T02:43:44Z">
          <reporter-output>
          </reporter-output>
        </test-method> <!-- test3 -->
        <test-method status="PASS" signature="test2()[pri:0, instance:parallel.Parallel1@40c80397]" name="test2" duration-ms="3" started-at="2020-01-16T02:43:44Z" finished-at="2020-01-16T02:43:44Z">
          <reporter-output>
          </reporter-output>
        </test-method> <!-- test2 -->
        <test-method status="PASS" signature="tes1()[pri:0, instance:parallel.Parallel1@40c80397]" name="tes1" duration-ms="3" started-at="2020-01-16T02:43:44Z" finished-at="2020-01-16T02:43:44Z">
          <reporter-output>
          </reporter-output>
        </test-method> <!-- tes1 -->
      </class> <!-- parallel.Parallel1 -->
    </test> <!-- Test -->
  </suite> <!-- parallel -->
  <suite name="timeout" duration-ms="789" started-at="2020-01-16T02:43:43Z" finished-at="2020-01-16T02:43:44Z">
    <groups>
    </groups>
    <test name="Test" duration-ms="789" started-at="2020-01-16T02:43:43Z" finished-at="2020-01-16T02:43:44Z">
      <class name="timeout.TestTimeOut">
        <test-method status="FAIL" signature="test1()[pri:0, instance:timeout.TestTimeOut@2bd2b28e]" name="test1" duration-ms="349" started-at="2020-01-16T02:43:43Z" finished-at="2020-01-16T02:43:44Z">
          <exception class="org.testng.internal.thread.ThreadTimeoutException">
            <message>
              <![CDATA[Method timeout.TestTimeOut.test1() didn't finish within the time-out 240]]>
            </message>
            <full-stacktrace>
              <![CDATA[org.testng.internal.thread.ThreadTimeoutException: Method timeout.TestTimeOut.test1() didn't finish within the time-out 240
at java.lang.Throwable.printStackTrace(Throwable.java:643)
at java.lang.Throwable.printStackTrace(Throwable.java:634)
at timeout.TestTimeOut.test1(TestTimeOut.java:13)
at sun.reflect.NativeMethodAccessorImpl.invoke0(Native Method)
at sun.reflect.NativeMethodAccessorImpl.invoke(NativeMethodAccessorImpl.java:62)
at sun.reflect.DelegatingMethodAccessorImpl.invoke(DelegatingMethodAccessorImpl.java:43)
at java.lang.reflect.Method.invoke(Method.java:498)
at org.testng.internal.MethodInvocationHelper.invokeMethod(MethodInvocationHelper.java:124)
at org.testng.internal.InvokeMethodRunnable.runOne(InvokeMethodRunnable.java:54)
at org.testng.internal.InvokeMethodRunnable.run(InvokeMethodRunnable.java:44)
at java.util.concurrent.Executors$RunnableAdapter.call(Executors.java:511)
at java.util.concurrent.FutureTask.run(FutureTask.java:266)
at java.util.concurrent.ThreadPoolExecutor.runWorker(ThreadPoolExecutor.java:1149)
at java.util.concurrent.ThreadPoolExecutor$Worker.run(ThreadPoolExecutor.java:624)
at java.lang.Thread.run(Thread.java:748)
]]>
            </full-stacktrace>
          </exception> <!-- org.testng.internal.thread.ThreadTimeoutException -->
          <reporter-output>
          </reporter-output>
        </test-method> <!-- test1 -->
        <test-method status="FAIL" signature="test2()[pri:0, instance:timeout.TestTimeOut@2bd2b28e]" name="test2" duration-ms="242" started-at="2020-01-16T02:43:44Z" finished-at="2020-01-16T02:43:44Z">
          <exception class="org.testng.internal.thread.ThreadTimeoutException">
            <message>
              <![CDATA[Method timeout.TestTimeOut.test2() didn't finish within the time-out 240]]>
            </message>
            <full-stacktrace>
              <![CDATA[org.testng.internal.thread.ThreadTimeoutException: Method timeout.TestTimeOut.test2() didn't finish within the time-out 240
at java.lang.Thread.sleep(Native Method)
at timeout.TestTimeOut.test2(TestTimeOut.java:21)
at sun.reflect.NativeMethodAccessorImpl.invoke0(Native Method)
at sun.reflect.NativeMethodAccessorImpl.invoke(NativeMethodAccessorImpl.java:62)
at sun.reflect.DelegatingMethodAccessorImpl.invoke(DelegatingMethodAccessorImpl.java:43)
at java.lang.reflect.Method.invoke(Method.java:498)
at org.testng.internal.MethodInvocationHelper.invokeMethod(MethodInvocationHelper.java:124)
at org.testng.internal.InvokeMethodRunnable.runOne(InvokeMethodRunnable.java:54)
at org.testng.internal.InvokeMethodRunnable.run(InvokeMethodRunnable.java:44)
at java.util.concurrent.Executors$RunnableAdapter.call(Executors.java:511)
at java.util.concurrent.FutureTask.run(FutureTask.java:266)
at java.util.concurrent.ThreadPoolExecutor.runWorker(ThreadPoolExecutor.java:1149)
at java.util.concurrent.ThreadPoolExecutor$Worker.run(ThreadPoolExecutor.java:624)
at java.lang.Thread.run(Thread.java:748)
]]>
            </full-stacktrace>
          </exception> <!-- org.testng.internal.thread.ThreadTimeoutException -->
          <reporter-output>
          </reporter-output>
        </test-method> <!-- test2 -->
      </class> <!-- timeout.TestTimeOut -->
    </test> <!-- Test -->
  </suite> <!-- timeout -->
  <suite name="parents" duration-ms="0" started-at="2020-01-16T02:44:17Z" finished-at="2020-01-16T02:44:17Z">
    <groups>
    </groups>
  </suite> <!-- parents -->
</testng-results>
