<?xml version="1.0" encoding="UTF-8"?>
<testng-results ignored="0" total="1" passed="1" failed="0" skipped="0">
  <reporter-output>
  </reporter-output>
  <suite started-at="2019-06-26T09:53:54Z" name="Command line suite" finished-at="2019-06-26T09:53:54Z" duration-ms="24">
    <groups>
    </groups>
    <test started-at="2019-06-26T09:53:54Z" name="Command line test" finished-at="2019-06-26T09:53:54Z" duration-ms="24">
      <class name="example.MyTest">
        <test-method signature="test1()[pri:0, instance:example.MyTest@1c72da34]" started-at="2019-06-26T09:53:54Z" name="test1" finished-at="2019-06-26T09:53:54Z" duration-ms="5" status="PASS">
          <reporter-output>
          </reporter-output>
        </test-method> <!-- test1 -->
      </class> <!-- example.MyTest -->
    </test> <!-- Command line test -->
  </suite> <!-- Command line suite -->
</testng-results>
