<?xml version="1.0" encoding="UTF-8"?>
<testng-results ignored="0" total="5" passed="5" failed="0" skipped="0">
  <reporter-output>
  </reporter-output>
  <suite started-at="2019-07-08T08:19:56Z" name="Suite" finished-at="2019-07-08T08:20:19Z" duration-ms="23008">
    <groups>
    </groups>
    <test started-at="2019-07-08T08:19:56Z" name="Test" finished-at="2019-07-08T08:20:19Z" duration-ms="23008">
      <class name="factory.FactoryTest1">
        <test-method signature="sout1()[pri:0, instance:factory.FactoryTest1@36fc695d]" started-at="2019-07-08T08:19:56Z" name="sout1" finished-at="2019-07-08T08:19:59Z" duration-ms="3000" status="PASS">
          <reporter-output>
          </reporter-output>
        </test-method> <!-- sout1 -->
      </class> <!-- factory.FactoryTest1 -->
      <class name="factory.FactoryTest2">
        <test-method signature="sout1()[pri:0, instance:factory.FactoryTest2@13c9d689]" started-at="2019-07-08T08:19:59Z" name="sout1" finished-at="2019-07-08T08:20:09Z" duration-ms="10002" status="PASS">
          <reporter-output>
          </reporter-output>
        </test-method> <!-- sout1 -->
        <test-method signature="sout1()[pri:0, instance:factory.FactoryTest2@28701274]" started-at="2019-07-08T08:20:09Z" name="sout1" finished-at="2019-07-08T08:20:19Z" duration-ms="10001" status="PASS">
          <reporter-output>
          </reporter-output>
        </test-method> <!-- sout1 -->
      </class> <!-- factory.FactoryTest2 -->
      <class name="factory.FactoryTest3">
        <test-method signature="sout1()[pri:0, instance:factory.FactoryTest3@3754a4bf]" started-at="2019-07-08T08:20:19Z" name="sout1" finished-at="2019-07-08T08:20:19Z" duration-ms="0" status="PASS">
          <reporter-output>
          </reporter-output>
        </test-method> <!-- sout1 -->
        <test-method signature="sout1()[pri:0, instance:factory.FactoryTest3@62379589]" started-at="2019-07-08T08:20:19Z" name="sout1" finished-at="2019-07-08T08:20:19Z" duration-ms="0" status="PASS">
          <reporter-output>
          </reporter-output>
        </test-method> <!-- sout1 -->
      </class> <!-- factory.FactoryTest3 -->
    </test> <!-- Test -->
  </suite> <!-- Suite -->
</testng-results>
